https://www.udemy.com/course/b2b-cold-email-course-2022-5-figure-copywriting-blueprint/?couponCode=B2BCOPYEMAIL23
https://www.udemy.com/course/learn-the-most-common-conversations-in-egyptian-arabic/?couponCode=EEF5C019FB096EE99BAF
https://www.udemy.com/course/adding-blockchain-to-a-unity-game/?couponCode=FREE_BLOCKCHAIN17
https://www.udemy.com/course/ms-740-troubleshooting-microsoft-teams-practice-test-2021/?couponCode=446AC13D93F5F237EAB5
https://www.udemy.com/course/aws-certified-devops-engineer-professional-practice-test-w/?couponCode=9924E429E0172BF1B946
https://www.udemy.com/course/aws-certified-cloud-practitioner-practice-exam-new/?couponCode=D0A81A8C97B525C3ABA7
https://www.udemy.com/course/python-3-curso-completo-de-cero-a-experto/?couponCode=ABRIL_2023_FB
https://www.udemy.com/course/microsoft-az-120-exam-practice-tests-2021/?couponCode=6346A230920CE0F59B87
https://www.udemy.com/course/sql-creacion-de-bd/?couponCode=ABRIL_2023_FB
https://www.udemy.com/course/el-arte-de-programar-en-r-anade-valor-a-tu-cv/?couponCode=ABRIL_2023_FB
https://www.udemy.com/course/master-class-de-nft-aprende-todo-sobre-nft/?couponCode=ABRIL_2023_FB
https://www.udemy.com/course/microsoft-excel-intermedio/?couponCode=ABRIL_2023_FB
https://www.udemy.com/course/az-300-azure-architecture-technologies-exam-mock-test-2021/?couponCode=85088D60DA88E85FA376
https://www.udemy.com/course/microsoft-sc-300-exam-practice-test-2021-updated/?couponCode=98187524DC2266F60C01
https://www.udemy.com/course/aws-certified-solutions-architect-associate-exam-mock-test/?couponCode=D6224B803B33D6EE9100
https://www.udemy.com/course/aprende-a-crear-un-curso-en-linea-exitoso/?couponCode=ABRIL_2023_FB
https://www.udemy.com/course/az-900-microsoft-azure-fundamentals-practice-test-2021/?couponCode=04FAFA4F0B4D850E2143
https://www.udemy.com/course/aprende-sql-desde-cero-curso-con-mas-de-50-ejercicios/?couponCode=ABRIL_2023_FB
https://www.udemy.com/course/tableau-10-desde-cero/?couponCode=ABRIL_2023_FB
https://www.udemy.com/course/az-304-microsoft-azure-architect-design-practice-test-2021/?couponCode=747672076103A1498334
https://www.udemy.com/course/microsoft-sc-200-exam-practice-test-2021/?couponCode=445A6EBCD39054142699
https://www.udemy.com/course/sql-desde-cero-curso-practico/?couponCode=ABRIL_2023_FB
https://www.udemy.com/course/aprende-sql-nivel-avanzado-curso-con-mas-de-50-ejercicios/?couponCode=ABRIL_2023_FB
https://www.udemy.com/course/microsoft-excel-analisis-de-datos-con-tablas-dinamicas/?couponCode=ABRIL_2023_FB
https://www.udemy.com/course/microsoft-security-sc-900-exam-practice-test-2022/?couponCode=1B79FE1EA32F7F6336A6
https://www.udemy.com/course/earn-bitcoin-for-free/?couponCode=0AD2A0137A2EC568DB68
https://www.udemy.com/course/basics-mobile-ethical-hacking-course/?couponCode=EAF9FC6FDC8EDF059E76
https://www.udemy.com/course/advanced-cyber-security-malware-hacking-course/?couponCode=C45F5AF0DDEA394A2125
https://www.udemy.com/course/advanced-ios-and-android-ethical-hacking-course/?couponCode=71AF32590E8D7EB0682D
https://www.udemy.com/course/scrum-for-success-master-agile-scrum-simulaiton-and-best-practices/?couponCode=2023-APR-C
https://www.udemy.com/course/ios-penetration-testing-for-ethical-hacking-course/?couponCode=27A87304224913CABACC
https://www.udemy.com/course/complete-javascript-course-beginner-to-advance-k/?couponCode=4E2E564439FC7940AC37
https://www.udemy.com/course/ceh-course/?couponCode=E2345D252A1F02C163A8
https://www.udemy.com/course/killer-lead-magnet-to-build-your-email-list-on-steroids/?couponCode=LEADGENZ12DC
https://www.udemy.com/course/learn-photoshop-photo-presets/?couponCode=FREE423G4S2
https://www.udemy.com/course/adobe-photoshop-cc-2020-master-course-y/?couponCode=FREE423G4S2
https://www.udemy.com/course/learn-print-design-with-photoshop-2020/?couponCode=FREE423G4S2
https://www.udemy.com/course/3-in-1-spoken-language-course-learn-with-ghassan/?couponCode=D9672F3B8C148DD3217C
https://www.udemy.com/course/learn-photoshop-presets/?couponCode=FREE423G4S2
https://www.udemy.com/course/learn-photoshop-preferences/?couponCode=FREE423G4S2
https://www.udemy.com/course/learn-project-management-with-photoshop-2020/?couponCode=FREE423G4S2
https://www.udemy.com/course/sistema-de-asistencias-en-c-y-sqlserver-desde-0-2020/?couponCode=DECISIONES
https://www.udemy.com/course/nueva-app-movil-para-clientes-en-sistema-de-restaurante/?couponCode=DECISIONES
https://www.udemy.com/course/xamarin-una-introduccion-al-sdk-de-microsoft/?couponCode=DECISIONES
https://www.udemy.com/course/python-de-cero-hasta-reconocimiento-facial/?couponCode=DECISIONES
https://www.udemy.com/course/app-android-sistema-para-karaoke-en-xamarin-forms-2020/?couponCode=DECISIONES
https://www.udemy.com/course/bjorn-app-android-publicitaria-en-xamarin-forms-y-firebase/?couponCode=DECISIONES
https://www.udemy.com/course/pythondjango-arabic/?couponCode=RAMADAN2
https://www.udemy.com/course/ios-16-swift-complete-app-development/?couponCode=EB8334184A38E74B1BD8
https://www.udemy.com/course/python-pyqt-arabic/?couponCode=RAMADAN2
https://www.udemy.com/course/learn-python-arabic/?couponCode=RAMADAN2
https://www.udemy.com/course/app-movil-para-banco-ecologico-en-xamarin-forms-y-firebase/?couponCode=DECISIONES
https://www.udemy.com/course/python-automation-arabic/?couponCode=RAMADAN2
https://www.udemy.com/course/sass-less-and-stylus-masterclass-the-complete-guide/?couponCode=E809E6DFA0B0D503F17F
https://www.udemy.com/course/seo-guide-seo-tips-to-rank-better-on-google-tareq-hajj/?couponCode=5A752DDFBCAE67A19B1F
https://www.udemy.com/course/passive-income-w-udemy-for-the-camera-shy-unofficial-course/?couponCode=ONLINECRSCPN2023
https://www.udemy.com/course/learn-photoshop-us-paper-presets/?couponCode=FREE423G4S2
https://www.udemy.com/course/learn-photoshop-workspaces/?couponCode=FREE423G4S2
https://www.udemy.com/course/learn-photoshop-toolbar-keyboard-shortcuts/?couponCode=FREE423G4S2
https://www.udemy.com/course/learn-photoshop-web-presets/?couponCode=FREE423G4S2
https://www.udemy.com/course/learn-photoshop-type/?couponCode=FREE423G4S2
https://www.udemy.com/course/learn-video-design-with-photoshop-2020/?couponCode=FREE423G4S2
https://www.udemy.com/course/html-5pythonflask-framework-all-in-one-complete-course/?couponCode=BDBB35C23CA34249F812
https://www.udemy.com/course/css-javascript-and-php-complete-course-for-beginners/?couponCode=32413EA8556C1061536E
https://www.udemy.com/course/excel-formulas-functions-beginner-to-expert-course/?couponCode=SUBHANALLAH_041823
https://www.udemy.com/course/saas-marketing/?couponCode=846ECB5BE3BA247EA17B
https://www.udemy.com/course/digital-marketing-b2b/?couponCode=51A6A29BF308A64B2907
https://www.udemy.com/course/introduction-to-encryption/?couponCode=6E6FDBB1F88B0FD30BCA
https://www.udemy.com/course/facebook-ads-b2b/?couponCode=54C7445A0FEE3CD43FFF
https://www.udemy.com/course/b2b-copywriting/?couponCode=D2C0798EBB8A8B07B53F
https://www.udemy.com/course/social-media-marketing-b2b/?couponCode=99422B1A9429E4003040
https://www.udemy.com/course/startup-marketing/?couponCode=DDFFA39339B44E3069D9
https://www.udemy.com/course/universidad-excel-microsoft-tablas-dinamicas-dashboard-macros-vba/?couponCode=MAR_GM_23
https://www.udemy.com/course/universidad-html-aprende-html-desde-cero-hasta-experto-css-html5/?couponCode=MAR_GM_23
https://www.udemy.com/course/aprende-python-java-y-c-sharp-para-principantes-desde-cero-fundamentos/?couponCode=MAR_GM_23
https://www.udemy.com/course/universidad-python-desde-cero-hasta-experto-django-flask-rest-web/?couponCode=MAR_GM_23
https://www.udemy.com/course/universidad-spring-framework-springboot-java-security-rest-webservices/?couponCode=MAR_GM_23
https://www.udemy.com/course/universidad-css-aprende-css-desde-cero-flexbox-responsive-web-desing/?couponCode=MAR_GM_23
https://www.udemy.com/course/universidad-de-logica-de-programacion-python-java-javascript-c-pseint/?couponCode=MAR_GM_23
https://www.udemy.com/course/universidad-desarrollo-web-moderno-html-css-javascript-html5-css3/?couponCode=MAR_GM_23
https://www.udemy.com/course/aprende-pseint-y-mejora-tu-logica-de-programacion-desde-cero/?couponCode=MAR_GM_23
https://www.udemy.com/course/angular-de-cero-a-experto-angular-2-framework-javascript-html-css/?couponCode=MAR_GM_23
https://www.udemy.com/course/universidad-javascript-angular-react-vue-typescript-html-css-bootstrap/?couponCode=MAR_GM_23
https://www.udemy.com/course/universidad-de-programacion-python-java-javascript-fundamentos/?couponCode=MAR_GM_23
https://www.udemy.com/course/universidad-java-especialista-en-java-desde-cero-a-master/?couponCode=MAR_GM_23
https://www.udemy.com/course/universidad-c-aprende-el-lenguaje-c-para-principiantes-desde-cero/?couponCode=MAR_GM_23
https://www.udemy.com/course/linkedin-advertising-marketing/?couponCode=1BFA2C1DB039F7346B0F
https://www.udemy.com/course/crypto-by-pirate-mike-the-complete-guide-for-beginners/?couponCode=962E1FC44C1F46B6A1E4
https://www.udemy.com/course/twoja-firma-w-mapach-google/?couponCode=0E0ECAB13F667EF8C545
https://www.udemy.com/course/ogarnij-wordpress-tworzenie-stron-www-bez-programowania/?couponCode=967819258D343FFD3B62
https://www.udemy.com/course/podstawy-obsugi-komputera-nie-tylko-dla-seniorow/?couponCode=F6082A530BB8ABC897F9
https://www.udemy.com/course/product-launch-how-to-go-to-market/?couponCode=A39B8469B9099BD09591
https://www.udemy.com/course/product-owner-certification-exam/?couponCode=170423_FREE
https://www.udemy.com/course/introduction-to-quantum-computing/?couponCode=1E27078627F3B098355A
https://www.udemy.com/course/streamlit-bootcamp/?couponCode=8023288D858A0C131243
https://www.udemy.com/course/cpanel-course/?couponCode=FREE423G6S2
https://www.udemy.com/course/url-shortener-nodejs-typescript-koa-postgresql-knex-arabic/?couponCode=WINDROID
https://www.udemy.com/course/windows-server-2016-with-powershell-formatting-output/?couponCode=0DA4A981BEDB0DBAA79E
https://www.udemy.com/course/an-introduction-to-vim-editor/?couponCode=5DFFD1B111F7DA5E1ADA
https://www.udemy.com/course/debugging/?couponCode=FREE423G6S2
https://www.udemy.com/course/learn-advanced-bootstrap-4/?couponCode=FREE423G5S2
https://www.udemy.com/course/learn-basic-css3/?couponCode=FREE423G6S2
https://www.udemy.com/course/curso-de-hacker-para-iniciantes/?couponCode=REALDISCOUNT4G
https://www.udemy.com/course/burp-suite-course/?couponCode=FREE423G6S2
https://www.udemy.com/course/chrome-extensions-course/?couponCode=FREE423G6S2
https://www.udemy.com/course/aws-cloud-practitioner-exam-clf-c01/?couponCode=24D1676604805B631D20
https://www.udemy.com/course/multithreading-learnit/?couponCode=826A4BF4F3EFD74111EF
https://www.udemy.com/course/java-collections-framework-learnit/?couponCode=D3C7BF80AF5671361B98
https://www.udemy.com/course/translate-nvda-addons/?couponCode=B034E4B83A1B62002F90
https://www.udemy.com/course/linear-regression-analysis-using-python-hindi/?couponCode=254743C
https://www.udemy.com/course/java-interview-learnit/?couponCode=343D03FBC69BCB2A4FAC
https://www.udemy.com/course/testing-for-developers/?couponCode=AFA9AA9A4CAB2F674812
https://www.udemy.com/course/gof-design-patterns-learnit/?couponCode=252CEDB82A6BA42E4E69
https://www.udemy.com/course/functional-programming-learnit/?couponCode=28CD0AFD89028F1BB90B
https://www.udemy.com/course/improving-software-development-productivity/?couponCode=B5725657EF9937BDB770
https://www.udemy.com/course/drupal-masterclass/?couponCode=E7674015821D44BE2AE7
https://www.udemy.com/course/learn-javascript-step-by-step-in-hindi/?couponCode=CBB13CC25B7D836E3A28
https://www.udemy.com/course/favicon-grabber/?couponCode=63BCACF423B7B14C6DC8
https://www.udemy.com/course/net-reverse-engineering/?couponCode=6405EBA56B6F496CD0A9
https://www.udemy.com/course/qr-code-generator-using-javascript/?couponCode=309A7FACFE5D0E507467
https://www.udemy.com/course/build-file-sharing-website/?couponCode=F3AC2A9C70B10F216C64
https://www.udemy.com/course/mastering-exchange-server-2016-with-powershell/?couponCode=B6E716D66C2676E474C2
https://www.udemy.com/course/mastering-exchange-server-2016-with-powershell-databases/?couponCode=C5D2702C3D28CB94C6AA
https://www.udemy.com/course/como-migrar-un-sitio-web-de-wordpress-a-otro-dominio-o-hosting/?couponCode=SM-GR9
https://www.udemy.com/course/learn-photoshop-mobile-presets/?couponCode=FREE423G3S2
https://www.udemy.com/course/javascript-jse-40-01-certification-exam-practice-tests-preparation/?couponCode=DE9379262AB3D6D391C6
https://www.udemy.com/course/anonymity/?couponCode=BB13DB60F0DE3E5F6703
https://www.udemy.com/course/pmi-acp-practice-exams-agile-certified-practitioner-200-q/?couponCode=46DF620A10783EF8B9B4
https://www.udemy.com/course/pmp-practice-test-project-management-professional-2021/?couponCode=E7CD4F8D269A5B9132F3
https://www.udemy.com/course/pspo1tm-practice-tests-scrum-product-owner-certification-160q/?couponCode=176364DDB0BE6559DE93
https://www.udemy.com/course/az-900-microsoft-azure-fundamentals-exam-preparation-test/?couponCode=2971B5E2130732CD0EF7
https://www.udemy.com/course/reverse-engineering-visual-basic/?couponCode=APRIL_FREE
https://www.udemy.com/course/gatsbyjs-graphql-build-a-personal-blog-using-gatsbyjs-graphql/?couponCode=ARPIL-2023
https://www.udemy.com/course/learn-php-for-beginners-n/?couponCode=YOUACCEL25962
https://www.udemy.com/course/aws-identity-and-access-management-iam-foundations/?couponCode=YOUACCEL25962
https://www.udemy.com/course/build-a-connect-4-clone-in-react-javascript-foundations/?couponCode=YOUACCEL25962
https://www.udemy.com/course/learn-css-for-beginners/?couponCode=YOUACCEL25962
https://www.udemy.com/course/learn-to-host-multiple-domains-on-one-virtual-server/?couponCode=YOUACCEL25962
https://www.udemy.com/course/cloud-computing-and-amazon-web-services-aws-fundamentals/?couponCode=YOUACCEL25962
https://www.udemy.com/course/aws-and-linode-the-ultimate-guide-to-cloud-computing-iaas/?couponCode=YOUACCEL25962
https://www.udemy.com/course/pmi-acp-200-agile/?couponCode=1EB1DA0A5DFEB88B5B08
https://www.udemy.com/course/flutter-clean-architecture-2022-flutter-3-in-arabic/?couponCode=FREE_2023_APR_3
https://www.udemy.com/course/digishock-20-machine-learning-for-beginners-no-coding/?couponCode=E056CAAFD3776482942E
https://www.udemy.com/course/superminds-artificial-intelligence-in-2019-2025-markets/?couponCode=5226D0A3225ED662513A
https://www.udemy.com/course/ultra-fast-web-design-using-carrd/?couponCode=82146085B6E0723CE955
https://www.udemy.com/course/aprende-a-liderar-la-transformacion-digital-con-el-peti/?couponCode=6302E228089DCA91683A
https://www.udemy.com/course/20234salesforce-administrator/?couponCode=7A6D8A48116465314B8E
https://www.udemy.com/course/batch-script-programming/?couponCode=EF42B43C8720522414B9
https://www.udemy.com/course/microsoft-az-104-azure-administrator-exam-prep-test/?couponCode=E41E903251AC407BAEDD
https://www.udemy.com/course/psm1-practice-tests-scrum-master-certification-160q/?couponCode=E7E5A52793BA795C2D96
https://www.udemy.com/course/gcp-google-cloud-professional-data-engineer-certification/?couponCode=DROP-0813
https://www.udemy.com/course/gcp-ace-google-associate-cloud-engineer-certification/?couponCode=DROP-0813
https://www.udemy.com/course/gcp-pcd-google-professional-cloud-developer/?couponCode=DROP-0813
https://www.udemy.com/course/gcp-pca-google-professional-cloud-architect/?couponCode=DROP-0813
https://www.udemy.com/course/learn-how-to-write-robust-web-locators/?couponCode=TOTALLY-FREE
https://www.udemy.com/course/big-data-programming-languages-big-data-vs-data-science/?couponCode=D5062F0732E5EC48A2A0
https://www.udemy.com/course/web-applications-step-by-step-guide-part-4/?couponCode=332BE9819BF65F8EBD8C
https://www.udemy.com/course/web-applications-step-by-step-guide-part-3/?couponCode=8C3732477983BA03351A
https://www.udemy.com/course/web-applications-step-by-step-guide-part-2/?couponCode=7C347889B60253EF73DC
https://www.udemy.com/course/web-applications-part-1/?couponCode=B6EB842407B4D0C05CEC
https://www.udemy.com/course/the-ultimate-guide-to-ict-skills/?couponCode=868810B89471086336B3
https://www.udemy.com/course/python-certification-exam-4-practice-tests-to-ace-your-exam/?couponCode=70FD19D641D8F4A88C3F
https://www.udemy.com/course/python-mastery-4-proven-practice-tests-for-exam-success/?couponCode=491B19142EFD4F9878E6
https://www.udemy.com/course/python-exam-success-unlocked-4-test-bundle/?couponCode=422408B3736BEAD09FC1
https://www.udemy.com/course/javascript-certification-exam-preparation-tests/?couponCode=5F6C1B94DE5C91DA2ABB
https://www.udemy.com/course/practice-tests-crack-the-python-pcep-certification-exam/?couponCode=D7D86EEC05EB65A7E6C9
https://www.udemy.com/course/python-exam-prep-a-complete-set-of-mock-tests-for-success/?couponCode=59D84B980BA655D5234B
https://www.udemy.com/course/professional-scrum-master-assessment-psma/?couponCode=9437296F4177473A7A13
https://www.udemy.com/course/web-development-assessment/?couponCode=DC8D675230AD5D6237FC
https://www.udemy.com/course/primavera-p6-training-for-beginners/?couponCode=2F664A73411E85D445D5
https://www.udemy.com/course/how-to-produce-a-low-budget-independent-feature-film/?couponCode=GRABITNOW
https://www.udemy.com/course/independent-film-screenwriting/?couponCode=GRABITNOW
https://www.udemy.com/course/being-independent-movie-director/?couponCode=GRABITNOW
https://www.udemy.com/course/how-to-edit-a-feature-film-by-yourself/?couponCode=GRABITNOW
https://www.udemy.com/course/indie-film-the-future-filmmakers-how-to-make-a-film/?couponCode=GRABITNOW
https://www.udemy.com/course/how-to-design-a-great-movie-poster-that-works/?couponCode=GRABITNOW
https://www.udemy.com/course/spiritual-mindfulness-b/?couponCode=06F75138019F76D93EF9
https://www.udemy.com/course/microsoft-excel-basic-excel-advanced-excel-formulas/?couponCode=1E49B32040095971316F
https://www.udemy.com/course/subconscious-persuasion-practices/?couponCode=E5CDE57BBF72D23DDA77
https://www.udemy.com/course/awakening-and-enlightenment-course/?couponCode=5687C092CE5F8E8DC0AB
https://www.udemy.com/course/teachingunderstanding-the-ancient-laws-of-the-universe/?couponCode=3CE914E0C220D48DBF13
https://www.udemy.com/course/boho-vintage-interior-designer-diploma/?couponCode=282FC0CBFF76D1EE8C5C
https://www.udemy.com/course/sen-ehcp-and-tribunal-course/?couponCode=9715842B882CF6533718
https://www.udemy.com/course/micro-pod-and-home-education-schooling/?couponCode=F2B0C862523A20482F4F
https://www.udemy.com/course/ace-every-job-interview-master-blueprint-and-get-your-dream-job/?couponCode=APR2023FREE01
https://www.udemy.com/course/ripple-coin-cryptocurrency/?couponCode=2APR23
https://www.udemy.com/course/cryptocurrencies-btc-alts-trading-with-technical-analysis/?couponCode=9320C1C6433BD2FB79CB
https://www.udemy.com/course/learn-asana-master-course/?couponCode=FREE423G5S2
https://www.udemy.com/course/how-to-sell-digital-ads/?couponCode=03773B95ADA31140B5C7
https://www.udemy.com/course/secrets-of-successful-negotiation-contract-salaries-more/?couponCode=CBD1EB7309BCDC56FF40
https://www.udemy.com/course/stress-management-therapy-stress-coping-skills-productivity-meditation/?couponCode=475384A4038D78569332
https://www.udemy.com/course/the-concept-of-waste/?couponCode=36999E5841714B32D37E
https://www.udemy.com/course/forest-school-and-woodland-pedagogy-diploma/?couponCode=E0B372A36C5A3EF1DE28
https://www.udemy.com/course/design-thinking-for-long-term-business-success/?couponCode=APR2023FREE01
https://www.udemy.com/course/adobe-xd-cc-2020-master-course/?couponCode=FREE423G5S2
https://www.udemy.com/course/3d-printing-design-skills-for-people-with-autism-dyslexia/?couponCode=A16FB167C29F6B8E6F5D
https://www.udemy.com/course/project-schedule-management-oracle-primavera-p6-foundations-training/?couponCode=945B3F776858C7881F97
https://www.udemy.com/course/new-year-planning-reach-your-next-level-next-year/?couponCode=APRILMAGIC
https://www.udemy.com/course/complete-google-classroom-course-teaching-google-classroom/?couponCode=4DB0AD54115241701B14
https://www.udemy.com/course/the-complete-google-docs-course/?couponCode=9F988FBFDA6E3938993D
https://www.udemy.com/course/how-to-earn-cryptocurrency-for-free/?couponCode=DE679FA4704BBA6715BC
https://www.udemy.com/course/declutter-your-mind-space/?couponCode=DECLUTTERTODAY
https://www.udemy.com/course/mindfulness-self-awareness-counselling-course-in-hindi/?couponCode=HAPPINESSFORYOU
https://www.udemy.com/course/master-en-wordpress-desde-cero-hasta-experto/?couponCode=MASTER-PA20
https://www.udemy.com/course/nonprofit-grant-writing-from-a-team-who-has-raised-funds/?couponCode=24CE366326DCBD7AC38B
https://www.udemy.com/course/complete-guide-for-aronium-point-of-sale-free-best-pos/?couponCode=ARONIUMAPR
https://www.udemy.com/course/microsoft-mb-220-dynamics-365-marketing-functional-consultant/?couponCode=055A48842328B3454C5A
https://www.udemy.com/course/earned-value-management-evm-project-management-pmp/?couponCode=ACBC21964009B2F7839F
https://www.udemy.com/course/claves-para-crear-un-negocio-digital-escalable/?couponCode=5A1D11E48BBFDFF2D8C9
https://www.udemy.com/course/instagram-marketing-2021-growth-and-promotion-on-instagram/?couponCode=9BEDEA7C2E0862A08ADD
https://www.udemy.com/course/dialogue-in-dilemma-power-of-communication/?couponCode=DIALOGUE_423_FREE
https://www.udemy.com/course/political-sociology-an-introduction/?couponCode=POLSOL_FREE_423
https://www.udemy.com/course/master-the-power-of-your-mind-to-be-more-successful/?couponCode=APR2023FREE01
https://www.udemy.com/course/unleash-your-creative-mind-and-transform-your-world/?couponCode=APR2023FREE01
https://www.udemy.com/course/fostering-creativity-in-children/?couponCode=APR2023FREE01
https://www.udemy.com/course/mental-health-by-pirate-mike-the-complete-guide/?couponCode=3894060156854D8764B8
https://www.udemy.com/course/effective-use-of-learner-centred-strategies-in-teaching/?couponCode=FREEENROLLMENT
https://www.udemy.com/course/risk-management-medical-devices/?couponCode=C49C3640EBAD4A63B7A4
https://www.udemy.com/course/thedrumpath/?couponCode=3E329C2D4BFD703D661D
https://www.udemy.com/course/career-opportunities-in-civil-in-2020-and-beyond/?couponCode=D33DAFCBA24E7A02A25F
https://www.udemy.com/course/cracking-digital-marketing-all-time-ultimate-quiz/?couponCode=98E10854EE21ABBB2A9F
https://www.udemy.com/course/digishock-30-the-future-of-artificial-intelligence-ai/?couponCode=F01CB4B3C6838A2F0EF2
https://www.udemy.com/course/plumbing-storm-water-mastery-effective-design-maintenance/?couponCode=7757EDC929166A6AB05C
https://www.udemy.com/course/practical-ethics-new-dynamics/?couponCode=FREE_PE_423
https://www.udemy.com/course/liberate-your-body/?couponCode=D2668C15F20239F59573
https://www.udemy.com/course/como-crear-una-tienda-online-desde-cero-para-principiantes/?couponCode=HOSNU-GR5
https://www.udemy.com/course/como-crear-correos-corporativos-con-dominio-propio-en-gmail/?couponCode=CORREOS-GR10
https://www.udemy.com/course/introduction-to-international-trade-finance-trade-services/?couponCode=FD529F9C571F0E3692DE
https://www.udemy.com/course/paid-to-travel-the-world/?couponCode=SNGKRN
https://www.udemy.com/course/youtube-optimierung-mehr-klicks-shares-und-abonnenten/?couponCode=80E9FBE439AEEBF8F9CE
https://www.udemy.com/course/etsy-promotion/?couponCode=ETSY1404
https://www.udemy.com/course/learn-photoshop-menu-keyboard-shortcuts/?couponCode=FREE423G3S2
https://www.udemy.com/course/mastering-architectural-night-hdr-photography/?couponCode=HDRAPR2023
https://www.udemy.com/course/how-to-get-out-of-burnout-for-busy-entrepreneurs/?couponCode=APRILMAGIC
https://www.udemy.com/course/print-on-demand-masterclass-shopify-store-creation-in-2022-course/?couponCode=PRINTONDEMAND23
https://www.udemy.com/course/make-money-freelancing/?couponCode=DD0AFDFC3AB226756A55
https://www.udemy.com/course/basic-interviewing-skills-master-basic-interviewing-skills/?couponCode=155B4A9488B83E184F63
https://www.udemy.com/course/the-complete-business-etiquette-course-biz-social-skills/?couponCode=9A29D1E9950B0FDC3DAD
https://www.udemy.com/course/business-fundamentals-questions-to-answer-before-launching/?couponCode=ED30E9BC5400CBE602C7
https://www.udemy.com/course/39-travel-tips-to-make-your-travel-more-enjoyable-1-hour/?couponCode=59BE3DB565C7727E8DDC
https://www.udemy.com/course/49-weight-loss-tips-you-can-stick-to-forever-be-thinner/?couponCode=230BA8B1CF57758BFE2E
https://www.udemy.com/course/the-complete-google-sheets-course-google-spreadsheet-tips/?couponCode=CD0AC64C6F79FA992BF4
https://www.udemy.com/course/mindset-for-success-and-happiness-complete-mindset-course/?couponCode=43C112BD2DEA98DD0757
https://www.udemy.com/course/the-complete-google-drive-course-mastering-google-drive/?couponCode=7628EFA9BA4D409FB8BF
https://www.udemy.com/course/affiliate-marketing-make-money-online/?couponCode=774BD63A6804AB71C6AF
https://www.udemy.com/course/adobe-lightroom-masterclass-beginner-to-expert/?couponCode=YOUACCEL90256
https://www.udemy.com/course/adobe-lightroom-classic-cc-print-slideshow-web-module/?couponCode=YOUACCEL90256
https://www.udemy.com/course/account-based-marketing-increase-your-b2b-efficiency/?couponCode=ABM1404
https://www.udemy.com/course/adobe-lightroom-classic-cc-the-map-book-module/?couponCode=YOUACCEL25962
https://www.udemy.com/course/how-to-succeed-as-an-entrepreneur-a-beginners-guide/?couponCode=YOUACCEL25962
https://www.udemy.com/course/persuasive-writing-copywriting/?couponCode=YOUACCEL90256
https://www.udemy.com/course/car-repair-auto-mechanic-training/?couponCode=OCSALY_APRIL
https://www.udemy.com/course/car-flipping-earn-money-from-selling-used-cars-ocsaly/?couponCode=OCSALY_APRIL
https://www.udemy.com/course/introduction-to-reverse-osmosis-desalination/?couponCode=B7B3164CB7F96599EE22
https://www.udemy.com/course/design-engaging-products-using-design-thinking/?couponCode=APR2023FREE01
https://www.udemy.com/course/create-your-own-virtual-3d-events-in-vr/?couponCode=842BB2543C0E5B219B2E
https://www.udemy.com/course/cold-marketing-strategy/?couponCode=COLD1404
https://www.udemy.com/course/google-analytics-certification-how-to-pass-the-exam/?couponCode=GA1404
https://www.udemy.com/course/facebook-ads-run-your-first-ad-campaign/?couponCode=FB1404
https://www.udemy.com/course/speed-up-how-to-work-with-photoshop-hotkeys/?couponCode=NCRGNPQZTVQMKUS
https://www.udemy.com/course/how-to-dominate-excel-formatting-charting/?couponCode=VQWWAKHAYXYBRZN
https://www.udemy.com/course/3-boyutlu-nesne-ve-obje-cizim-3d-drawing-perspective/?couponCode=DRAWING2
https://www.udemy.com/course/hzlandrlms-sfrdan-karakalem-3-boyutlu-cizim/?couponCode=DRAWING1
https://www.udemy.com/course/3-3-boyutlu-hayvan-figuru-cizimi-3d-animal-figure-drawing/?couponCode=DRAWING3
https://www.udemy.com/course/charlieatom-edmproduction-3hours/?couponCode=9969841320657F4DFFA4
https://www.udemy.com/course/maitrisez-les-techniques-de-recherche-demploi-sur-linkedin/?couponCode=4010CA4377D38023A5E8
https://www.udemy.com/course/listenaufbau-email-marketing-und-newsletter-kurs/?couponCode=HQFDYUAAEYKLZYG
https://www.udemy.com/course/how-to-analyze-your-market-with-facebook-audience-insights/?couponCode=QXFTZGPHYUQVMQS
https://www.udemy.com/course/facebook-marketing-next-level-fan-growth-strategies/?couponCode=ESCWFYACRLNSCFC
https://www.udemy.com/course/how-to-craft-an-irresistible-lead-magnet-to-build-your-list/?couponCode=CEMEQRPCTKAEPNA
https://www.udemy.com/course/facebook-marketing-how-to-create-converting-ads/?couponCode=UVVTRFXZXNEZTPN
https://www.udemy.com/course/drive-sales-conversions-with-facebook-ads-complete-guide-ppc-roi-fb/?couponCode=WPACYJZYDJABSPK
https://www.udemy.com/course/how-to-find-your-target-audience-in-less-than-30-minutes/?couponCode=GAAGESBCZYFWKTE
https://www.udemy.com/course/jv-leaderboard/?couponCode=LCMRTYTMKSYJPXO
https://www.udemy.com/course/cryptocurrency-trading-course-for-beginners/?couponCode=0C4AA0CF4B14417AF446
https://www.udemy.com/course/remote-selling-virtual-sales-presentations-online-meeting-sales-skills/?couponCode=79E622B6BFA4BCAB4A02
https://www.udemy.com/course/easiest-side-gig-2022-passive-income-from-transcription-course/?couponCode=TRANSCRIBEPASSIVE23
https://www.udemy.com/course/quantitative-finance-with-python/?couponCode=6938CA86531998F35C3C
https://www.udemy.com/course/the-complete-microsoft-onedrive-course-mastering-onedrive/?couponCode=96E2C72351D23083DABE
https://www.udemy.com/course/good-communication-skills-are-the-key-to-success/?couponCode=85C9B3EB70B590C2B5FE
https://www.udemy.com/course/diary-writing/?couponCode=004B86A3357F45A75798
https://www.udemy.com/course/email-writing-j/?couponCode=FD2D8257189C086FB91C
https://www.udemy.com/course/invitation-writing-formal-and-informal-reply-to-invitation/?couponCode=A18902945723E93C1B70
https://www.udemy.com/course/note-making-format-procedure-and-points-to-remember/?couponCode=C69999AA62E2B5AB97E8
https://www.udemy.com/course/articles-and-lettersapplications/?couponCode=347A2B0C7FE6054A125A
https://www.udemy.com/course/how-to-discover-viral-content-with-buzzsumo-in-2016/?couponCode=SDGKFWHHUFKWYBL
https://www.udemy.com/course/how-to-analyze-your-competitors-with-semrush/?couponCode=JUKYNDTDTGEPSNL
https://www.udemy.com/course/how-to-easily-analyze-your-competitors/?couponCode=YHYTWTZREJXKLBO
https://www.udemy.com/course/10-copywriting-hacks-that-work-in-2016/?couponCode=JMPYBJKERVKPVHH
https://www.udemy.com/course/how-to-validate-your-idea-and-succeed-in-business/?couponCode=BMQRUWNGWSXQCLR
https://www.udemy.com/course/unofficial-how-to-find-a-hot-topic-for-your-udemy-course/?couponCode=QKGXRBPKQZKGZRA
https://www.udemy.com/course/how-to-build-a-successful-e-commerce-business/?couponCode=JMCHJQTBCDCXCHH
https://www.udemy.com/course/a-modern-day-guide-to-stop-procrastinating/?couponCode=JTASGQVZTGMKHBE
https://www.udemy.com/course/how-to-promote-cpa-offers-with-bing-ads/?couponCode=XEXVCYJVNBBAQNE
https://www.udemy.com/course/niche-research/?couponCode=XDGDCAVUQUFTULL
https://www.udemy.com/course/outstanding-customer-service/?couponCode=ZCKBEVCPZLYRCWK
https://www.udemy.com/course/google-adwords-course-complete/?couponCode=BEEACPDZYPGHAH1
https://www.udemy.com/course/como-crear-una-pagina-web-con-hostinger-desde-cero/?couponCode=HOST-GR5
https://www.udemy.com/course/curso-de-wp-rocket-como-mejorar-la-velocidad-de-una-web-de-wordpress/?couponCode=WP-GR9
https://www.udemy.com/course/productivity-hacks-to-improve-focus-and-concentration/?couponCode=3431E5E9516040D6844E
https://www.udemy.com/course/the-ultimate-text-to-video-creation-course/?couponCode=DF790CC3CDCED1383E98
https://www.udemy.com/course/how-to-use-lazyapply-to-automate-your-job-search/?couponCode=1CCA20078DB6F0E7E78F
https://www.udemy.com/course/autocad-2020-and-artificial-intelligence-tools-part-2/?couponCode=46D393983C68A7826113
https://www.udemy.com/course/jetpack-10-artificial-intelligence-and-automation-in-hr/?couponCode=2D5536575F6543967137
https://www.udemy.com/course/social-media-marketing-on-autopilot-with-missinglettr/?couponCode=7E30953DBDD0FC5DC8E2
https://www.udemy.com/course/new-age-technologies-for-fitness-trainers/?couponCode=D6936E96FF85A9C1198E
https://www.udemy.com/course/roboauthor-content-writing-automation-part-13/?couponCode=B9BF4F66E0917D4A60D3
https://www.udemy.com/course/invade-your-classroom-with-digital-robot-teachers/?couponCode=844B63048DBA5D4794BB
https://www.udemy.com/course/create-incredible-visual-graphics-with-canva/?couponCode=07636A9210D69C41E4D0
https://www.udemy.com/course/design-beautiful-animated-websites-incredibly-fast/?couponCode=1EFAE3820133062751FF
https://www.udemy.com/course/the-ultimate-metaverse-quiz-for-beginners/?couponCode=70E04F4D9BE5942CEC50
https://www.udemy.com/course/insight-to-post-pandemic-importance-of-lean-six-sigma/?couponCode=5F453A51D1C776588F8E
https://www.udemy.com/course/autocad-2021-commands-ultimate-quiz-x/?couponCode=D70B00E012B97B92C3CF
https://www.udemy.com/course/high-speed-blogging-using-wordpress-a-practical-guide/?couponCode=E40C21E86C467E0C49C9
https://www.udemy.com/course/artificial-intelligence-ai-logo-design-tools/?couponCode=F701F561770F970DA7EF
https://www.udemy.com/course/consumer_lending/?couponCode=C4CAF0D97E666F9A93D5
https://www.udemy.com/course/omnichannel-sales-service-management-with-ai-chat-bots/?couponCode=E3DEAAA268F8E0116BEA
https://www.udemy.com/course/project-managers/?couponCode=B0748C88E571E5A06E5F
https://www.udemy.com/course/digital-product-owner/?couponCode=C395B8022EA881145C2A
https://www.udemy.com/course/postgraduate-diploma-in-office-administration-management/?couponCode=C7A17C99CBA8C960FC9B
https://www.udemy.com/course/crm-at-sales-service-marketing-and-business-management/?couponCode=8E71EF4E79067FEF811B
https://www.udemy.com/course/digitisation/?couponCode=19CAAD438400154DFC98
https://www.udemy.com/course/mastering-the-art-of-speech-writing/?couponCode=9203DE542ADFF8D4DBDA
https://www.udemy.com/course/writing-clear-and-concise-reports-tips-and-strategies/?couponCode=8EFAA498AD4711F2DFF2
https://www.udemy.com/course/pros-and-cons-of-mncs-a-comparative-study/?couponCode=6A9CB5221A84C02A803D
https://www.udemy.com/course/13-useful-resume-writing-tips/?couponCode=09C70C909660ADA31093
https://www.udemy.com/course/the-ultimate-guide-to-private-and-public-sector/?couponCode=0AF64BD17D5FDCC47294
https://www.udemy.com/course/time-management-tips-you-need-to-know-about/?couponCode=898E362A534DB712DBBB
https://www.udemy.com/course/excel-mastery-4-proven-practice-tests-for-exam-success-2023/?couponCode=48844B25285F97F9DE62
https://www.udemy.com/course/excel-certification-course/?couponCode=810A5C778DA540E18516
https://www.udemy.com/course/make-money-online-blogging/?couponCode=E7AC4F85032FD083B29C
https://www.udemy.com/course/quantity-surveying-with-rate-analysis-and-take-off-beginners/?couponCode=QSBEGINAPR23
https://www.udemy.com/course/self-discipline-build-habits/?couponCode=267EE263F970BEF25EC6
https://www.udemy.com/course/scrum-certification/?couponCode=130423_FREE
https://www.udemy.com/course/job-costing-quickbooks-online-contractors/?couponCode=41586D1879C313BFE589
https://www.udemy.com/course/wave-accounting-2020/?couponCode=88909F1DD8E8D7CFAA16
https://www.udemy.com/course/xero-accounting-software-2020/?couponCode=BFF65976A3F725F01347
https://www.udemy.com/course/quickbooks-desktop-not-for-profit-organizations/?couponCode=5E1B9B95C7BC2681C999
https://www.udemy.com/course/quickbooks-desktop-job-costing/?couponCode=E2355CA4238ECC8AA34F
https://www.udemy.com/course/financial-statement-analysis-ratio-analysis/?couponCode=0B1B4CC9BBEC16AB9E57
https://www.udemy.com/course/time-value-of-money-capital-budgeting-present-value/?couponCode=D16E54246642088D8CBE
https://www.udemy.com/course/relevant-costs-managerial-accounting-decisions-scenarios/?couponCode=B60A6303216288443693
https://www.udemy.com/course/responsibility-accounting-performance-measurement/?couponCode=8BA4C1224D874141A02E
https://www.udemy.com/course/flexible-budgets-standard-costs-variance-analysis/?couponCode=D050E4A976661E4636BC
https://www.udemy.com/course/master-budgets-managerial-accountingcost-accounting/?couponCode=85C93A916B91C6B60332
https://www.udemy.com/course/cost-volume-profit-analysis-cvp-managerial-accounting/?couponCode=9C3959090961C5923B91
https://www.udemy.com/course/process-costing-system-cost-accounting-managerial-accounting/?couponCode=F298C9EBDA2BAFE7FC5A
https://www.udemy.com/course/digital-marketing-expert-assessment/?couponCode=7A991985B25A5A880708
https://www.udemy.com/course/lean-six-sigma-green-belt-assessment/?couponCode=C3EFA9D5941BCBE4AC1C
https://www.udemy.com/course/project-management-assessment/?couponCode=28F19D913095C937C61B
https://www.udemy.com/course/womens-leadership/?couponCode=2DF6B5DE3FFE329F746E
https://www.udemy.com/course/marketing-management-principles/?couponCode=7F0A3A103BBF19C14E0A
https://www.udemy.com/course/securing-the-budget-for-your-project-with-a-winning-pitch-deck/?couponCode=18C37E8CC7D59B700288
https://www.udemy.com/course/postgraduate-executive-diploma-general-management/?couponCode=184A55D96C47BF931D7F
https://www.udemy.com/course/postgraduate-executive-diploma-leadership/?couponCode=0800E70558A9E124AE65
https://www.udemy.com/course/gestion-del-tiempo-productividad-planificacion-objetivos/?couponCode=F09B9D1195EC5E78EF65