https://www.udemy.com/course/python-for-beginners-course-/?couponCode=CED0DE872410803792C5
https://www.udemy.com/course/email-marketing-for-beginners-course/?couponCode=FREE1705
https://www.udemy.com/course/capcut-mastery-create-viral-reels-tiktok-in-7-days/?couponCode=2D783A87437326815AC6
https://www.udemy.com/course/cracking-cpp-interview/?couponCode=83631A50C266A3686AB9
https://www.udemy.com/course/learn-ubuntu-for-absolute-beginners-2023-deep-into-linux/?couponCode=GET_IT
https://www.udemy.com/course/gcp-associate-cloud-engineer-practice-test-english2023/?couponCode=03DB6A72ABB87671946B
https://www.udemy.com/course/passive-income-affiliate-coupon-website-to-generate-income-course/?couponCode=AFFCOUPONWEBSITE235
https://www.udemy.com/course/curso-de-hacker-para-iniciantes/?couponCode=REALDISCOUNT4H
https://www.udemy.com/course/computer-vision-with-python/?couponCode=BEEDAY
https://www.udemy.com/course/awk-tutorial/?couponCode=BEEDAY
https://www.udemy.com/course/applied-cryptography-with-python/?couponCode=BEEDAY
https://www.udemy.com/course/introduction-to-for-natural-language-processing/?couponCode=7D0E0F2F3505E8378F90
https://www.udemy.com/course/desarrolla-en-php-un-poderoso-cms-para-enlaces-de-wsp/?couponCode=72ACAE2219EC14777DDF
https://www.udemy.com/course/quantitative-finance-with-python/?couponCode=7C25EB1F339C2598D374
https://www.udemy.com/course/building-a-face-detection-and-recognition-model-from-scratch/?couponCode=83DE45EDE0DB4E4DAB53
https://www.udemy.com/course/build-your-own-powerful-super-computer-on-cloud/?couponCode=0DB44E344A9047B0D818
https://www.udemy.com/course/ultra-speed-3d-game-development-using-gameguru-tamil/?couponCode=4CD533200B3843AC3DE8
https://www.udemy.com/course/cissp-exam-covering-all-domains-150-ques-2023-edition/?couponCode=055599149995
https://www.udemy.com/course/artificial-intelligence-for-civil-engineers-part-1/?couponCode=D3A8AC68BC4BE363D2AC
https://www.udemy.com/course/ultra-speed-3d-game-development-using-gameguru/?couponCode=6B28045EEB8A02F1D129
https://www.udemy.com/course/roboauthor-content-writing-automation-2019-part-1/?couponCode=65C2325100178F09C670
https://www.udemy.com/course/artificial-intelligence-for-civil-engineers-part-1-tamil/?couponCode=5FB2D69E95E6A81006AF
https://www.udemy.com/course/looker-for-data-visualization-beginners-and-professionals/?couponCode=056871693247
https://www.udemy.com/course/google-data-studio-for-data-visualization-for-dummies/?couponCode=051792377588
https://www.udemy.com/course/create-lightning-fast-videos-with-invideo-ai-video-making/?couponCode=054354813051
https://www.udemy.com/course/sql-server-t-sql-basic/?couponCode=53EFD99751900D8E3273
https://www.udemy.com/course/make-money-on-tiktok/?couponCode=42037407F59F247F1E22
https://www.udemy.com/course/side-income-from-coin-collecting/?couponCode=1A71B5EC8949D1A4970E
https://www.udemy.com/course/positive-parenting/?couponCode=PP_523_FREE
https://www.udemy.com/course/meaning-of-life/?couponCode=86AFD4C1EB8012253710
https://www.udemy.com/course/digital-marketing-agency-course-complete-smma-guide/?couponCode=F8FFBC4BCC33DC18E9E0
https://www.udemy.com/course/wcsjwvoc/?couponCode=MY1-2023
https://www.udemy.com/course/kotlin-programming-for-beginner/?couponCode=MY1-2023
https://www.udemy.com/course/mwurstui/?couponCode=MY1-2023
https://www.udemy.com/course/amdbdfbs/?couponCode=MY1-2023
https://www.udemy.com/course/fluttercourse/?couponCode=MY1-2023
https://www.udemy.com/course/nfifedvr/?couponCode=MY1-2023
https://www.udemy.com/course/vcojcteq/?couponCode=MY1-2023
https://www.udemy.com/course/php-8-guide-2021-edition/?couponCode=MY1-2023
https://www.udemy.com/course/jczsnxta/?couponCode=MY1-2023
https://www.udemy.com/course/python-science/?couponCode=MY1-2023
https://www.udemy.com/course/maximize-customer-value-to-make-more-money-online/?couponCode=PASSIVEINCOME2023FOL
https://www.udemy.com/course/seo-based-content-writing/?couponCode=REAL-DISCOUNT
https://www.udemy.com/course/basic-course-to-gst-hindi/?couponCode=NATASHA
https://www.udemy.com/course/ecommerce-website-in-wordpress-hindi/?couponCode=AAHANA
https://www.udemy.com/course/checkpoint-security-expert-ccse-156-315-81-r81-practice-tests-exams/?couponCode=MAY_CCSE_FREE
https://www.udemy.com/course/outsource-podcasts-social-media-marketing/?couponCode=PODOUTEXPMAY252023
https://www.udemy.com/course/podcasting-nlp-communication-influence/?couponCode=VPBPFSPEXPMAY252023
https://www.udemy.com/course/the-complete-introduction-to-the-deep-web/?couponCode=5534D3637D1DD93C0F19
https://www.udemy.com/course/microsoft-excel-learn-ms-excel-for-data-analysis/?couponCode=2917FAE2B7648264430D
https://www.udemy.com/course/uma-introducao-aos-metodos-matematicos-nas-ciencias-da-vida/?couponCode=7457ACC2BC0EC1BD11D1
https://www.udemy.com/course/como-crear-una-tienda-online-desde-cero-para-principiantes/?couponCode=HOSNU-GR9
https://www.udemy.com/course/curso-wordpress-como-crear-un-blog-gratis-paso-a-paso/?couponCode=WORDPRESS-GR52
https://www.udemy.com/course/learn-python-in-7-days-with-exercises-and-assignments/?couponCode=DB2439BEFA05EAF1C4C3
https://www.udemy.com/course/learn-five-5-computer-programming-languages-in-one-course/?couponCode=D4AE8D2C3ADDC4024D47
https://www.udemy.com/course/how-to-quick-create-professional-videos-using-keynote/?couponCode=C043FDC9AFF2EACF15A5
https://www.udemy.com/course/learn-javascript-programming-in-7-days/?couponCode=359387B1FD12AA3C296A
https://www.udemy.com/course/object-oriented-programming-with-python-learn-to-code-faster/?couponCode=94CDE56BA4E7A55B7097
https://www.udemy.com/course/learn-coding-with-c-from-scratch-c-comprehensive-course/?couponCode=4BF2C8CB7DE2C1DC4D8C
https://www.udemy.com/course/coding-basics-gentle-intro-to-coding-for-beginners/?couponCode=995FB72D462C6AF0CE3E