Wordpress 2023 - Affiliate Coupon Website to Generate Income
GCP ACE Practice Test - 60 Questions - FREE - [English/2023]
CapCut Mastery: Create Viral Reels & TikTok in 7 Days
Python And Flask Framework Complete Course For Beginners
Learn Ubuntu for Absolute Beginners 2023 | Deep into Linux
Computer Vision with Python
awk tutorial
Object Oriented Programming in C++  &  Interview Preparation
Curso de Hacker para Iniciantes
Email Marketing 2023. Increase sales with Email Marketing!
Introduction to Spacy for Natural Language Processing
Building a Face Detection and Recognition Model From Scratch
Quantitative Finance with Python
CISSP Exam - Covering all domains - 900 Ques - 2023 Edition
Build your own powerful super-computer on cloud
Applied Cryptography with Python
Desarrolla en PHP un Poderoso CMS  para enlaces de WSP
Crash Course on Civil Engineering and AutoCAD: Part 1
Ultra-Speed 3D Game Development using GameGuru  - தமிழில்
Ultra-Speed 3D Game Development using GameGuru
RoboAuthor: Content Writing Automation - Part 1 + Live Class
Looker for Data Visualization - Beginners and Professionals
Master Google Data Studio for Data Visualization in 2023
Season 1: Database, SQL Server, T-SQL
Create lightning-fast videos with InVideo
Artificial Intelligence for Civil Engineers (Part 1)- தமிழில
Coin Collecting as Side Hustle: Turn Profit
Learn 6 SIMPLE Steps to Make Money on TikTok App!
Achieve Authentic Happiness:
Positive Parenting- Basic Understanding
The Python and Django Learning Guide
The Web Front End Learning Guide
Start Your Digital Marketing Agency: Complete SMMA Guide!
The Android-Kotlin Development Guide
The PHP 8 Learning Guide [2022 Edition]
The Complete Dart Learning Guide
The Complete Flutter Development Guide [2022 Edition]
The Kotlin Learning Guide
The Java Learning Guide
The C++ Learning Guide
Python for Data Science and Machine Learning
Basic Course To GST (Goods And Service Tax)
Introduction To SEO Based Content Writing (Hindi)
Maximize Customer Value to Offer More Value Online
CheckPoint Security Expert (CCSE)[r81]: 2 Practice Tests
Create Ecommerce Website In WordPress (Hindi)
Deep Web- The complete Introduction to the hidden web
Podcast With NLP for High Audience Growth
Podcast Outsourcing
Microsoft Excel - Learn MS EXCEL For DATA Analysis
Uma introdução aos métodos matemáticos nas ciências da vida
Cómo Crear Una Tienda Online Desde Cero Para Principiantes
07 Days of Code | Python Programming BootCamp
Learn FIVE (5) Computer Programming Languages in ONE COURSE
Curso WordPress 2023:  Cómo Crear una Página Web Desde Cero
How to quick create professional videos using Keynote
Complete JS Bootcamp | JavaScript Programming in 7 DAYS
Learn Coding with C# from Scratch | C# Comprehensive Course
Coding Basics 2023: Gentle Intro to Computer Programming
Object-Oriented Programming (OOP) - How to Code Faster 2023